[     435ms] [LOG] [Fast Refresh] rebuilding @ webpack-internal:///(app-pages-browser)/./node_modules/next/dist/next-devtools/shared/forward-logs-shared.js:27
[     807ms] [WARNING] The resource http://localhost:3000/_next/static/media/a325990d5fec1d3f-s.p.woff2?v=1781979445151 was preloaded using link preload but not used within a few seconds from the window's load event. Please make sure it has an appropriate `as` value and it is preloaded intentionally. @ http://localhost:3000/_dev-map:0
[     807ms] [WARNING] The resource http://localhost:3000/_next/static/media/a8803dd9fdd15a53-s.p.woff2?v=1781979445151 was preloaded using link preload but not used within a few seconds from the window's load event. Please make sure it has an appropriate `as` value and it is preloaded intentionally. @ http://localhost:3000/_dev-map:0
[     807ms] [WARNING] The resource http://localhost:3000/_next/static/media/3e68fbb477d90635-s.p.woff2?v=1781979445151 was preloaded using link preload but not used within a few seconds from the window's load event. Please make sure it has an appropriate `as` value and it is preloaded intentionally. @ http://localhost:3000/_dev-map:0
[     807ms] [WARNING] The resource http://localhost:3000/_next/static/media/9f5251eb979d3d3e-s.p.woff2?v=1781979445151 was preloaded using link preload but not used within a few seconds from the window's load event. Please make sure it has an appropriate `as` value and it is preloaded intentionally. @ http://localhost:3000/_dev-map:0
[     807ms] [WARNING] The resource http://localhost:3000/_next/static/media/e244d3ca994d3054-s.p.woff2?v=1781979445151 was preloaded using link preload but not used within a few seconds from the window's load event. Please make sure it has an appropriate `as` value and it is preloaded intentionally. @ http://localhost:3000/_dev-map:0
[     807ms] [WARNING] The resource http://localhost:3000/_next/static/media/877bc9206c568b1e-s.p.woff2?v=1781979445151 was preloaded using link preload but not used within a few seconds from the window's load event. Please make sure it has an appropriate `as` value and it is preloaded intentionally. @ http://localhost:3000/_dev-map:0
[     807ms] [WARNING] The resource http://localhost:3000/_next/static/media/558ca1a6aa3cb55e-s.p.woff2?v=1781979445151 was preloaded using link preload but not used within a few seconds from the window's load event. Please make sure it has an appropriate `as` value and it is preloaded intentionally. @ http://localhost:3000/_dev-map:0
[     807ms] [WARNING] The resource http://localhost:3000/_next/static/media/25b1462f79e45005-s.p.woff2?v=1781979445151 was preloaded using link preload but not used within a few seconds from the window's load event. Please make sure it has an appropriate `as` value and it is preloaded intentionally. @ http://localhost:3000/_dev-map:0
[     807ms] [WARNING] The resource http://localhost:3000/_next/static/media/1eedfae966de4e1c-s.p.woff2?v=1781979445151 was preloaded using link preload but not used within a few seconds from the window's load event. Please make sure it has an appropriate `as` value and it is preloaded intentionally. @ http://localhost:3000/_dev-map:0
[     807ms] [WARNING] The resource http://localhost:3000/_next/static/media/313510e2713fb214-s.p.woff2?v=1781979445151 was preloaded using link preload but not used within a few seconds from the window's load event. Please make sure it has an appropriate `as` value and it is preloaded intentionally. @ http://localhost:3000/_dev-map:0
[    3844ms] [WARNING] The resource http://localhost:3000/_next/static/media/a325990d5fec1d3f-s.p.woff2?v=1781979445151 was preloaded using link preload but not used within a few seconds from the window's load event. Please make sure it has an appropriate `as` value and it is preloaded intentionally. @ http://localhost:3000/_dev-map:0
[    3844ms] [WARNING] The resource http://localhost:3000/_next/static/media/a8803dd9fdd15a53-s.p.woff2?v=1781979445151 was preloaded using link preload but not used within a few seconds from the window's load event. Please make sure it has an appropriate `as` value and it is preloaded intentionally. @ http://localhost:3000/_dev-map:0
[    3844ms] [WARNING] The resource http://localhost:3000/_next/static/media/3e68fbb477d90635-s.p.woff2?v=1781979445151 was preloaded using link preload but not used within a few seconds from the window's load event. Please make sure it has an appropriate `as` value and it is preloaded intentionally. @ http://localhost:3000/_dev-map:0
[    3844ms] [WARNING] The resource http://localhost:3000/_next/static/media/9f5251eb979d3d3e-s.p.woff2?v=1781979445151 was preloaded using link preload but not used within a few seconds from the window's load event. Please make sure it has an appropriate `as` value and it is preloaded intentionally. @ http://localhost:3000/_dev-map:0
[    3844ms] [WARNING] The resource http://localhost:3000/_next/static/media/e244d3ca994d3054-s.p.woff2?v=1781979445151 was preloaded using link preload but not used within a few seconds from the window's load event. Please make sure it has an appropriate `as` value and it is preloaded intentionally. @ http://localhost:3000/_dev-map:0
[    3844ms] [WARNING] The resource http://localhost:3000/_next/static/media/877bc9206c568b1e-s.p.woff2?v=1781979445151 was preloaded using link preload but not used within a few seconds from the window's load event. Please make sure it has an appropriate `as` value and it is preloaded intentionally. @ http://localhost:3000/_dev-map:0
[    3844ms] [WARNING] The resource http://localhost:3000/_next/static/media/558ca1a6aa3cb55e-s.p.woff2?v=1781979445151 was preloaded using link preload but not used within a few seconds from the window's load event. Please make sure it has an appropriate `as` value and it is preloaded intentionally. @ http://localhost:3000/_dev-map:0
[    3844ms] [WARNING] The resource http://localhost:3000/_next/static/media/25b1462f79e45005-s.p.woff2?v=1781979445151 was preloaded using link preload but not used within a few seconds from the window's load event. Please make sure it has an appropriate `as` value and it is preloaded intentionally. @ http://localhost:3000/_dev-map:0
[    3844ms] [WARNING] The resource http://localhost:3000/_next/static/media/1eedfae966de4e1c-s.p.woff2?v=1781979445151 was preloaded using link preload but not used within a few seconds from the window's load event. Please make sure it has an appropriate `as` value and it is preloaded intentionally. @ http://localhost:3000/_dev-map:0
[    3844ms] [WARNING] The resource http://localhost:3000/_next/static/media/313510e2713fb214-s.p.woff2?v=1781979445151 was preloaded using link preload but not used within a few seconds from the window's load event. Please make sure it has an appropriate `as` value and it is preloaded intentionally. @ http://localhost:3000/_dev-map:0
[    3945ms] [WARNING] [Fast Refresh] performing full reload

Fast Refresh will perform a full reload when you edit a file that's imported by modules outside of the React rendering tree.
You might have a file which exports a React component but also exports a value that is imported by a non-React component file.
Consider migrating the non-React component export to a separate file and importing it into both files.

It is also possible the parent component of the component you edited is a class component, which disables Fast Refresh.
Fast Refresh requires at least one parent function component in your React tree. @ webpack-internal:///(app-pages-browser)/./node_modules/next/dist/next-devtools/shared/forward-logs-shared.js:27
[    5923ms] [INFO] %cDownload the React DevTools for a better development experience: https://react.dev/link/react-devtools font-weight:bold @ webpack-internal:///(app-pages-browser)/./node_modules/next/dist/next-devtools/shared/forward-logs-shared.js:27
[    6000ms] [LOG] [HMR] connected @ webpack-internal:///(app-pages-browser)/./node_modules/next/dist/next-devtools/shared/forward-logs-shared.js:27
[    6127ms] [ERROR] Failed to load resource: the server responded with a status of 401 (Unauthorized) @ http://localhost:3000/auth/profile:0
[    9131ms] [WARNING] The resource http://localhost:3000/_next/static/media/313510e2713fb214-s.p.woff2?v=1781979451724 was preloaded using link preload but not used within a few seconds from the window's load event. Please make sure it has an appropriate `as` value and it is preloaded intentionally. @ http://localhost:3000/dev-map:0
[    9132ms] [WARNING] The resource http://localhost:3000/_next/static/media/e244d3ca994d3054-s.p.woff2?v=1781979451724 was preloaded using link preload but not used within a few seconds from the window's load event. Please make sure it has an appropriate `as` value and it is preloaded intentionally. @ http://localhost:3000/dev-map:0
[    9132ms] [WARNING] The resource http://localhost:3000/_next/static/media/25b1462f79e45005-s.p.woff2?v=1781979451724 was preloaded using link preload but not used within a few seconds from the window's load event. Please make sure it has an appropriate `as` value and it is preloaded intentionally. @ http://localhost:3000/dev-map:0
[    9132ms] [WARNING] The resource http://localhost:3000/_next/static/media/1eedfae966de4e1c-s.p.woff2?v=1781979451724 was preloaded using link preload but not used within a few seconds from the window's load event. Please make sure it has an appropriate `as` value and it is preloaded intentionally. @ http://localhost:3000/dev-map:0
[    9132ms] [WARNING] The resource http://localhost:3000/_next/static/media/3e68fbb477d90635-s.p.woff2?v=1781979451724 was preloaded using link preload but not used within a few seconds from the window's load event. Please make sure it has an appropriate `as` value and it is preloaded intentionally. @ http://localhost:3000/dev-map:0
[    9132ms] [WARNING] The resource http://localhost:3000/_next/static/media/a8803dd9fdd15a53-s.p.woff2?v=1781979451724 was preloaded using link preload but not used within a few seconds from the window's load event. Please make sure it has an appropriate `as` value and it is preloaded intentionally. @ http://localhost:3000/dev-map:0
[    9132ms] [WARNING] The resource http://localhost:3000/_next/static/media/877bc9206c568b1e-s.p.woff2?v=1781979451724 was preloaded using link preload but not used within a few seconds from the window's load event. Please make sure it has an appropriate `as` value and it is preloaded intentionally. @ http://localhost:3000/dev-map:0
[    9132ms] [WARNING] The resource http://localhost:3000/_next/static/media/558ca1a6aa3cb55e-s.p.woff2?v=1781979451724 was preloaded using link preload but not used within a few seconds from the window's load event. Please make sure it has an appropriate `as` value and it is preloaded intentionally. @ http://localhost:3000/dev-map:0
[    9132ms] [WARNING] The resource http://localhost:3000/_next/static/media/9f5251eb979d3d3e-s.p.woff2?v=1781979451724 was preloaded using link preload but not used within a few seconds from the window's load event. Please make sure it has an appropriate `as` value and it is preloaded intentionally. @ http://localhost:3000/dev-map:0
[    9132ms] [WARNING] The resource http://localhost:3000/_next/static/media/a325990d5fec1d3f-s.p.woff2?v=1781979451724 was preloaded using link preload but not used within a few seconds from the window's load event. Please make sure it has an appropriate `as` value and it is preloaded intentionally. @ http://localhost:3000/dev-map:0
[   16159ms] [ERROR] Failed to load resource: the server responded with a status of 401 (Unauthorized) @ http://localhost:3000/auth/profile:0
[   19165ms] [WARNING] The resource http://localhost:3000/_next/static/media/313510e2713fb214-s.p.woff2?v=1781979451724 was preloaded using link preload but not used within a few seconds from the window's load event. Please make sure it has an appropriate `as` value and it is preloaded intentionally. @ http://localhost:3000/dev-map:0
[   19165ms] [WARNING] The resource http://localhost:3000/_next/static/media/e244d3ca994d3054-s.p.woff2?v=1781979451724 was preloaded using link preload but not used within a few seconds from the window's load event. Please make sure it has an appropriate `as` value and it is preloaded intentionally. @ http://localhost:3000/dev-map:0
[   19165ms] [WARNING] The resource http://localhost:3000/_next/static/media/25b1462f79e45005-s.p.woff2?v=1781979451724 was preloaded using link preload but not used within a few seconds from the window's load event. Please make sure it has an appropriate `as` value and it is preloaded intentionally. @ http://localhost:3000/dev-map:0
[   19165ms] [WARNING] The resource http://localhost:3000/_next/static/media/1eedfae966de4e1c-s.p.woff2?v=1781979451724 was preloaded using link preload but not used within a few seconds from the window's load event. Please make sure it has an appropriate `as` value and it is preloaded intentionally. @ http://localhost:3000/dev-map:0
[   19165ms] [WARNING] The resource http://localhost:3000/_next/static/media/3e68fbb477d90635-s.p.woff2?v=1781979451724 was preloaded using link preload but not used within a few seconds from the window's load event. Please make sure it has an appropriate `as` value and it is preloaded intentionally. @ http://localhost:3000/dev-map:0
[   19165ms] [WARNING] The resource http://localhost:3000/_next/static/media/a8803dd9fdd15a53-s.p.woff2?v=1781979451724 was preloaded using link preload but not used within a few seconds from the window's load event. Please make sure it has an appropriate `as` value and it is preloaded intentionally. @ http://localhost:3000/dev-map:0
[   19166ms] [WARNING] The resource http://localhost:3000/_next/static/media/877bc9206c568b1e-s.p.woff2?v=1781979451724 was preloaded using link preload but not used within a few seconds from the window's load event. Please make sure it has an appropriate `as` value and it is preloaded intentionally. @ http://localhost:3000/dev-map:0
[   19166ms] [WARNING] The resource http://localhost:3000/_next/static/media/558ca1a6aa3cb55e-s.p.woff2?v=1781979451724 was preloaded using link preload but not used within a few seconds from the window's load event. Please make sure it has an appropriate `as` value and it is preloaded intentionally. @ http://localhost:3000/dev-map:0
[   19166ms] [WARNING] The resource http://localhost:3000/_next/static/media/9f5251eb979d3d3e-s.p.woff2?v=1781979451724 was preloaded using link preload but not used within a few seconds from the window's load event. Please make sure it has an appropriate `as` value and it is preloaded intentionally. @ http://localhost:3000/dev-map:0
[   19166ms] [WARNING] The resource http://localhost:3000/_next/static/media/a325990d5fec1d3f-s.p.woff2?v=1781979451724 was preloaded using link preload but not used within a few seconds from the window's load event. Please make sure it has an appropriate `as` value and it is preloaded intentionally. @ http://localhost:3000/dev-map:0
[   41188ms] [ERROR] Failed to load resource: the server responded with a status of 401 (Unauthorized) @ http://localhost:3000/auth/profile:0
[   44191ms] [WARNING] The resource http://localhost:3000/_next/static/media/313510e2713fb214-s.p.woff2?v=1781979451724 was preloaded using link preload but not used within a few seconds from the window's load event. Please make sure it has an appropriate `as` value and it is preloaded intentionally. @ http://localhost:3000/dev-map:0
[   44191ms] [WARNING] The resource http://localhost:3000/_next/static/media/e244d3ca994d3054-s.p.woff2?v=1781979451724 was preloaded using link preload but not used within a few seconds from the window's load event. Please make sure it has an appropriate `as` value and it is preloaded intentionally. @ http://localhost:3000/dev-map:0
[   44192ms] [WARNING] The resource http://localhost:3000/_next/static/media/25b1462f79e45005-s.p.woff2?v=1781979451724 was preloaded using link preload but not used within a few seconds from the window's load event. Please make sure it has an appropriate `as` value and it is preloaded intentionally. @ http://localhost:3000/dev-map:0
[   44192ms] [WARNING] The resource http://localhost:3000/_next/static/media/1eedfae966de4e1c-s.p.woff2?v=1781979451724 was preloaded using link preload but not used within a few seconds from the window's load event. Please make sure it has an appropriate `as` value and it is preloaded intentionally. @ http://localhost:3000/dev-map:0
[   44192ms] [WARNING] The resource http://localhost:3000/_next/static/media/3e68fbb477d90635-s.p.woff2?v=1781979451724 was preloaded using link preload but not used within a few seconds from the window's load event. Please make sure it has an appropriate `as` value and it is preloaded intentionally. @ http://localhost:3000/dev-map:0
[   44192ms] [WARNING] The resource http://localhost:3000/_next/static/media/a8803dd9fdd15a53-s.p.woff2?v=1781979451724 was preloaded using link preload but not used within a few seconds from the window's load event. Please make sure it has an appropriate `as` value and it is preloaded intentionally. @ http://localhost:3000/dev-map:0
[   44192ms] [WARNING] The resource http://localhost:3000/_next/static/media/877bc9206c568b1e-s.p.woff2?v=1781979451724 was preloaded using link preload but not used within a few seconds from the window's load event. Please make sure it has an appropriate `as` value and it is preloaded intentionally. @ http://localhost:3000/dev-map:0
[   44192ms] [WARNING] The resource http://localhost:3000/_next/static/media/558ca1a6aa3cb55e-s.p.woff2?v=1781979451724 was preloaded using link preload but not used within a few seconds from the window's load event. Please make sure it has an appropriate `as` value and it is preloaded intentionally. @ http://localhost:3000/dev-map:0
[   44192ms] [WARNING] The resource http://localhost:3000/_next/static/media/9f5251eb979d3d3e-s.p.woff2?v=1781979451724 was preloaded using link preload but not used within a few seconds from the window's load event. Please make sure it has an appropriate `as` value and it is preloaded intentionally. @ http://localhost:3000/dev-map:0
[   44192ms] [WARNING] The resource http://localhost:3000/_next/static/media/a325990d5fec1d3f-s.p.woff2?v=1781979451724 was preloaded using link preload but not used within a few seconds from the window's load event. Please make sure it has an appropriate `as` value and it is preloaded intentionally. @ http://localhost:3000/dev-map:0
[   66227ms] [ERROR] Failed to load resource: the server responded with a status of 401 (Unauthorized) @ http://localhost:3000/auth/profile:0
[   69231ms] [WARNING] The resource http://localhost:3000/_next/static/media/313510e2713fb214-s.p.woff2?v=1781979451724 was preloaded using link preload but not used within a few seconds from the window's load event. Please make sure it has an appropriate `as` value and it is preloaded intentionally. @ http://localhost:3000/dev-map:0
[   69231ms] [WARNING] The resource http://localhost:3000/_next/static/media/e244d3ca994d3054-s.p.woff2?v=1781979451724 was preloaded using link preload but not used within a few seconds from the window's load event. Please make sure it has an appropriate `as` value and it is preloaded intentionally. @ http://localhost:3000/dev-map:0
[   69231ms] [WARNING] The resource http://localhost:3000/_next/static/media/25b1462f79e45005-s.p.woff2?v=1781979451724 was preloaded using link preload but not used within a few seconds from the window's load event. Please make sure it has an appropriate `as` value and it is preloaded intentionally. @ http://localhost:3000/dev-map:0
[   69231ms] [WARNING] The resource http://localhost:3000/_next/static/media/1eedfae966de4e1c-s.p.woff2?v=1781979451724 was preloaded using link preload but not used within a few seconds from the window's load event. Please make sure it has an appropriate `as` value and it is preloaded intentionally. @ http://localhost:3000/dev-map:0
[   69231ms] [WARNING] The resource http://localhost:3000/_next/static/media/3e68fbb477d90635-s.p.woff2?v=1781979451724 was preloaded using link preload but not used within a few seconds from the window's load event. Please make sure it has an appropriate `as` value and it is preloaded intentionally. @ http://localhost:3000/dev-map:0
[   69231ms] [WARNING] The resource http://localhost:3000/_next/static/media/a8803dd9fdd15a53-s.p.woff2?v=1781979451724 was preloaded using link preload but not used within a few seconds from the window's load event. Please make sure it has an appropriate `as` value and it is preloaded intentionally. @ http://localhost:3000/dev-map:0
[   69231ms] [WARNING] The resource http://localhost:3000/_next/static/media/877bc9206c568b1e-s.p.woff2?v=1781979451724 was preloaded using link preload but not used within a few seconds from the window's load event. Please make sure it has an appropriate `as` value and it is preloaded intentionally. @ http://localhost:3000/dev-map:0
[   69231ms] [WARNING] The resource http://localhost:3000/_next/static/media/558ca1a6aa3cb55e-s.p.woff2?v=1781979451724 was preloaded using link preload but not used within a few seconds from the window's load event. Please make sure it has an appropriate `as` value and it is preloaded intentionally. @ http://localhost:3000/dev-map:0
[   69231ms] [WARNING] The resource http://localhost:3000/_next/static/media/9f5251eb979d3d3e-s.p.woff2?v=1781979451724 was preloaded using link preload but not used within a few seconds from the window's load event. Please make sure it has an appropriate `as` value and it is preloaded intentionally. @ http://localhost:3000/dev-map:0
[   69231ms] [WARNING] The resource http://localhost:3000/_next/static/media/a325990d5fec1d3f-s.p.woff2?v=1781979451724 was preloaded using link preload but not used within a few seconds from the window's load event. Please make sure it has an appropriate `as` value and it is preloaded intentionally. @ http://localhost:3000/dev-map:0
[  127383ms] [LOG] [Fast Refresh] rebuilding @ webpack-internal:///(app-pages-browser)/./node_modules/next/dist/next-devtools/shared/forward-logs-shared.js:27
[  128263ms] [LOG] [Fast Refresh] rebuilding @ webpack-internal:///(app-pages-browser)/./node_modules/next/dist/next-devtools/shared/forward-logs-shared.js:27
[  128372ms] [LOG] [Fast Refresh] done in 108ms @ webpack-internal:///(app-pages-browser)/./node_modules/next/dist/next-devtools/shared/forward-logs-shared.js:27
[  128819ms] [LOG] [Fast Refresh] rebuilding @ webpack-internal:///(app-pages-browser)/./node_modules/next/dist/next-devtools/shared/forward-logs-shared.js:27
[  128820ms] [LOG] [Fast Refresh] done in 0ms @ webpack-internal:///(app-pages-browser)/./node_modules/next/dist/next-devtools/shared/forward-logs-shared.js:27
[  128848ms] [LOG] [Fast Refresh] done in 29ms @ webpack-internal:///(app-pages-browser)/./node_modules/next/dist/next-devtools/shared/forward-logs-shared.js:27
[  129106ms] [ERROR] Failed to load resource: the server responded with a status of 404 (Not Found) @ http://localhost:3000/dev-map?_rsc=Wn7wMKdthI2cvc-3:0
[  129143ms] [ERROR] Failed to load resource: net::ERR_INCOMPLETE_CHUNKED_ENCODING @ http://localhost:3000/dev-map?_rsc=Wn7wMKdthI2cvc-3:0
[  129143ms] [ERROR] Failed to load resource: net::ERR_CONNECTION_REFUSED @ http://localhost:3000/dev-map?_rsc=Wn7wMKdthI2cvc-3:0
[  129148ms] [ERROR] Failed to fetch RSC payload for http://localhost:3000/dev-map. Falling back to browser navigation. TypeError: Failed to fetch
    at createFetch (webpack-internal:///(app-pages-browser)/./node_modules/next/dist/client/components/router-reducer/fetch-server-response.js:246:21)
    at async fetchServerResponse (webpack-internal:///(app-pages-browser)/./node_modules/next/dist/client/components/router-reducer/fetch-server-response.js:92:21)
    at async fetchMissingDynamicData (webpack-internal:///(app-pages-browser)/./node_modules/next/dist/client/components/router-reducer/ppr-navigations.js:1004:24) @ webpack-internal:///(app-pages-browser)/./node_modules/next/dist/next-devtools/userspace/app/errors/intercept-console-error.js:57
[  129214ms] [ERROR] WebSocket is already in CLOSING or CLOSED state. @ webpack-internal:///(app-pages-browser)/./node_modules/next/dist/next-devtools/userspace/app/forward-logs.js:226
[  129215ms] [ERROR] Failed to load resource: net::ERR_CONNECTION_REFUSED @ http://localhost:3000/__nextjs_original-stack-frames:0
